Delay: 17.138461587414188 - Date: 19/08/2023
Delay: 17.137492143089197 - Date: 19/08/2023
Delay: 17.339895796758512 - Date: 19/08/2023
Delay: 12.438055757355233 - Date: 19/08/2023
Delay: 12.102678922396853 - Date: 19/08/2023
Delay: 17.82964713812167 - Date: 19/08/2023
Delay: 17.82964713812167 - Date: 19/08/2023
Delay: -0.05259661504533142 - Date: 20/08/2023
Delay: 0.05259661504533142 - Date: 20/08/2023
Delay: 0.05259661504533142 - Date: 20/08/2023
Delay: 0.7254717631731182 - Date: 20/08/2023
Delay: -591.418210388167 - Date: 20/08/2023
Delay: 0.43643524051876736 - Date: 20/08/2023
Delay: 0.09397153006607874 - Date: 20/08/2023
Delay: 0.07052515264984001 - Date: 20/08/2023
Delay: 0.07052515264984001 - Date: 20/08/2023
Delay: 0.07052515264984001 - Date: 20/08/2023
Delay: [0.07052515264984001] - Date: 20/08/2023
Delay: [0.07052515264984001] - Date: 20/08/2023
Delay: 0.07052515264984001 - Date: 20/08/2023
Delay: 0.07052515264984001 - Date: 20/08/2023
Delay: 0.07052515264984001 - Date: 20/08/2023
Delay: 0.07052515264984001 - Date: 20/08/2023
Delay: 0.07052515264984001 - Date: 20/08/2023
Delay: 0.07052515264984001 - Date: 20/08/2023
Delay: 0.07052515264984001 - Date: 08/20/2023, 00:00:00
Delay: 0.07052515264984001 - Date: 08/20/2023, 09:01:11
Delay: 0.07052515264984001 - Date: 08/20/2023, 09:01:37
Delay: 0.27603065639998475 - Date: 08/20/2023, 21:39:08
Delay: -401.6959520645 - Date: 08/20/2023, 21:46:49
Delay: -554.7004230475122 - Date: 08/20/2023, 21:56:56
Delay: -206.23505021739132 - Date: 08/20/2023, 21:59:05
Delay: 0.29748978266664683 - Date: 08/20/2023, 22:00:21
